Flutter crash report.
Please report a bug at https://github.com/flutter/flutter/issues.

## command

flutter run

## exception

XmlTagException: XmlTagException: Expected </application>, but found </provider> at 56:9

```
#0      XmlAnnotator.annotate (package:xml/src/xml_events/annotations/annotator.dart:88:13)
#1      XmlEventIterator.moveNext (package:xml/src/xml_events/iterator.dart:32:20)
#2      Iterable.forEach (dart:core/iterable.dart:325:23)
#3      XmlNodeDecoder.convertIterable (package:xml/src/xml_events/converters/node_decoder.dart:53:12)
#4      new XmlDocument.parse (package:xml/src/xml/nodes/document.dart:34:41)
#5      AndroidProject.computeEmbeddingVersion (package:flutter_tools/src/project.dart:649:30)
#6      AndroidProject.checkForDeprecation (package:flutter_tools/src/project.dart:592:50)
#7      FlutterProject.checkForDeprecation (package:flutter_tools/src/project.dart:381:15)
#8      FlutterCommand.verifyThenRunCommand (package:flutter_tools/src/runner/flutter_command.dart:1319:13)
<asynchronous suspension>
#9      FlutterCommand.run.<anonymous closure> (package:flutter_tools/src/runner/flutter_command.dart:1195:27)
<asynchronous suspension>
#10     AppContext.run.<anonymous closure> (package:flutter_tools/src/base/context.dart:150:19)
<asynchronous suspension>
#11     CommandRunner.runCommand (package:args/command_runner.dart:209:13)
<asynchronous suspension>
#12     FlutterCommandRunner.runCommand.<anonymous closure> (package:flutter_tools/src/runner/flutter_command_runner.dart:281:9)
<asynchronous suspension>
#13     AppContext.run.<anonymous closure> (package:flutter_tools/src/base/context.dart:150:19)
<asynchronous suspension>
#14     FlutterCommandRunner.runCommand (package:flutter_tools/src/runner/flutter_command_runner.dart:229:5)
<asynchronous suspension>
#15     run.<anonymous closure>.<anonymous closure> (package:flutter_tools/runner.dart:62:9)
<asynchronous suspension>
#16     AppContext.run.<anonymous closure> (package:flutter_tools/src/base/context.dart:150:19)
<asynchronous suspension>
#17     main (package:flutter_tools/executable.dart:90:3)
<asynchronous suspension>
```

## flutter doctor

```
[✓] Flutter (Channel main, 3.1.0-0.0.pre.1309, on Microsoft Windows [版本 10.0.19043.1526], locale
    zh-CN)
    • Flutter version 3.1.0-0.0.pre.1309 at D:\SoftWare\flutter\flutter\flutter
    • Upstream repository https://github.com/flutter/flutter.git
    • Framework revision a09d0c1479 (26 hours ago), 2022-06-18 05:49:09 -0400
    • Engine revision 0149953019
    • Dart version 2.18.0 (build 2.18.0-190.0.dev)
    • DevTools version 2.14.0
    • Pub download mirror https://pub.flutter-io.cn
    • Flutter download mirror https://storage.flutter-io.cn

[✓] Android toolchain - develop for Android devices (Android SDK version 33.0.0-rc2)
    • Android SDK at D:\SoftWare\Android\Sdk
    • Platform android-32, build-tools 33.0.0-rc2
    • Java binary at: D:\SoftWare\AndroidStudio\Android_Studio\jre\bin\java
    • Java version OpenJDK Runtime Environment (build 11.0.11+9-b60-7590822)
    • All Android licenses accepted.

[✓] Chrome - develop for the web
    • Chrome at C:\Users\ZSY\AppData\Local\Google\Chrome\Application\chrome.exe

[✓] Visual Studio - develop for Windows (Visual Studio Community 2022 17.0.6)
    • Visual Studio at C:\Program Files\Microsoft Visual Studio\2022\Community
    • Visual Studio Community 2022 version 17.0.32126.317
    • Windows 10 SDK version 10.0.19041.0

[✓] Android Studio (version 2021.1)
    • Android Studio at D:\SoftWare\AndroidStudio\Android_Studio
    • Flutter plugin can be installed from:
      🔨 https://plugins.jetbrains.com/plugin/9212-flutter
    • Dart plugin can be installed from:
      🔨 https://plugins.jetbrains.com/plugin/6351-dart
    • Java version OpenJDK Runtime Environment (build 11.0.11+9-b60-7590822)

[✓] Connected device (4 available)
    • Redmi Note 8 Pro (mobile) • nbovrovkfqcenbcu • android-arm64  • Android 11 (API 30)
    • Windows (desktop)         • windows          • windows-x64    • Microsoft Windows [版本
      10.0.19043.1526]
    • Chrome (web)              • chrome           • web-javascript • Google Chrome 102.0.5005.115
    • Edge (web)                • edge             • web-javascript • Microsoft Edge 102.0.1245.41

[✓] HTTP Host Availability
    • All required HTTP hosts are available

• No issues found!
```
